-------------------------------------------------------------------------------
Test set: es.uv.modelo.MedicoTest
-------------------------------------------------------------------------------
Tests run: 8, Failures: 8, Errors: 0, Skipped: 0, Time elapsed: 0.002 s <<< FAILURE! - in es.uv.modelo.MedicoTest
testSetEsMedico  Time elapsed: 0.001 s  <<< FAILURE!
org.opentest4j.AssertionFailedError: The test case is a prototype.
	at es.uv.modelo.MedicoTest.testSetEsMedico(MedicoTest.java:124)

testGetEsMedico  Time elapsed: 0 s  <<< FAILURE!
org.opentest4j.AssertionFailedError: The test case is a prototype.
	at es.uv.modelo.MedicoTest.testGetEsMedico(MedicoTest.java:111)

testSetContrasenya  Time elapsed: 0 s  <<< FAILURE!
org.opentest4j.AssertionFailedError: The test case is a prototype.
	at es.uv.modelo.MedicoTest.testSetContrasenya(MedicoTest.java:97)

testGetUsuario  Time elapsed: 0 s  <<< FAILURE!
org.opentest4j.AssertionFailedError: expected: <> but was: <null>
	at es.uv.modelo.MedicoTest.testGetUsuario(MedicoTest.java:55)

testGetContrasenya  Time elapsed: 0 s  <<< FAILURE!
org.opentest4j.AssertionFailedError: expected: <> but was: <null>
	at es.uv.modelo.MedicoTest.testGetContrasenya(MedicoTest.java:82)

testGetIdTrabajador  Time elapsed: 0 s  <<< FAILURE!
org.opentest4j.AssertionFailedError: The test case is a prototype.
	at es.uv.modelo.MedicoTest.testGetIdTrabajador(MedicoTest.java:30)

testSetIdTrabajador  Time elapsed: 0.001 s  <<< FAILURE!
org.opentest4j.AssertionFailedError: The test case is a prototype.
	at es.uv.modelo.MedicoTest.testSetIdTrabajador(MedicoTest.java:43)

testSetUsuario  Time elapsed: 0 s  <<< FAILURE!
org.opentest4j.AssertionFailedError: The test case is a prototype.
	at es.uv.modelo.MedicoTest.testSetUsuario(MedicoTest.java:70)

