<?xml version="1.0" encoding="UTF-8"?>
<testsuite xmlns:xsi="http://www.w3.org/2001/XMLSchema-instance" xsi:noNamespaceSchemaLocation="https://maven.apache.org/surefire/maven-surefire-plugin/xsd/surefire-test-report.xsd" name="es.uv.modelo.MedicoTest" time="0.001" tests="8" errors="0" skipped="0" failures="8">
  <properties>
[...]
</properties>
  <testcase name="testSetEsMedico" classname="es.uv.modelo.MedicoTest" time="0">
    <failure message="The test case is a prototype." type="org.opentest4j.AssertionFailedError">org.opentest4j.AssertionFailedError: The test case is a prototype.
	at es.uv.modelo.MedicoTest.testSetEsMedico(MedicoTest.java:124)
</failure>
    <system-out><![CDATA[setEsMedico
]]></system-out>
  </testcase>
  <testcase name="testGetEsMedico" classname="es.uv.modelo.MedicoTest" time="0">
    <failure message="The test case is a prototype." type="org.opentest4j.AssertionFailedError">org.opentest4j.AssertionFailedError: The test case is a prototype.
	at es.uv.modelo.MedicoTest.testGetEsMedico(MedicoTest.java:111)
</failure>
    <system-out><![CDATA[getEsMedico
]]></system-out>
  </testcase>
  <testcase name="testSetContrasenya" classname="es.uv.modelo.MedicoTest" time="0">
    <failure message="The test case is a prototype." type="org.opentest4j.AssertionFailedError">org.opentest4j.AssertionFailedError: The test case is a prototype.
	at es.uv.modelo.MedicoTest.testSetContrasenya(MedicoTest.java:97)
</failure>
    <system-out><![CDATA[setContrasenya
]]></system-out>
  </testcase>
  <testcase name="testGetUsuario" classname="es.uv.modelo.MedicoTest" time="0.001">
    <failure message="expected: &lt;&gt; but was: &lt;null&gt;" type="org.opentest4j.AssertionFailedError"><![CDATA[org.opentest4j.AssertionFailedError: expected: <> but was: <null>
	at es.uv.modelo.MedicoTest.testGetUsuario(MedicoTest.java:55)
]]></failure>
    <system-out><![CDATA[getUsuario
]]></system-out>
  </testcase>
  <testcase name="testGetContrasenya" classname="es.uv.modelo.MedicoTest" time="0">
    <failure message="expected: &lt;&gt; but was: &lt;null&gt;" type="org.opentest4j.AssertionFailedError"><![CDATA[org.opentest4j.AssertionFailedError: expected: <> but was: <null>
	at es.uv.modelo.MedicoTest.testGetContrasenya(MedicoTest.java:82)
]]></failure>
    <system-out><![CDATA[getContrasenya
]]></system-out>
  </testcase>
  <testcase name="testGetIdTrabajador" classname="es.uv.modelo.MedicoTest" time="0">
    <failure message="The test case is a prototype." type="org.opentest4j.AssertionFailedError">org.opentest4j.AssertionFailedError: The test case is a prototype.
	at es.uv.modelo.MedicoTest.testGetIdTrabajador(MedicoTest.java:30)
</failure>
    <system-out><![CDATA[getIdTrabajador
]]></system-out>
  </testcase>
  <testcase name="testSetIdTrabajador" classname="es.uv.modelo.MedicoTest" time="0">
    <failure message="The test case is a prototype." type="org.opentest4j.AssertionFailedError">org.opentest4j.AssertionFailedError: The test case is a prototype.
	at es.uv.modelo.MedicoTest.testSetIdTrabajador(MedicoTest.java:43)
</failure>
    <system-out><![CDATA[setIdTrabajador
]]></system-out>
  </testcase>
  <testcase name="testSetUsuario" classname="es.uv.modelo.MedicoTest" time="0">
    <failure message="The test case is a prototype." type="org.opentest4j.AssertionFailedError">org.opentest4j.AssertionFailedError: The test case is a prototype.
	at es.uv.modelo.MedicoTest.testSetUsuario(MedicoTest.java:70)
</failure>
    <system-out><![CDATA[setUsuario
]]></system-out>
  </testcase>
</testsuite>