<?xml version="1.0" encoding="UTF-8"?>
<testsuite xmlns:xsi="http://www.w3.org/2001/XMLSchema-instance" xsi:noNamespaceSchemaLocation="https://maven.apache.org/surefire/maven-surefire-plugin/xsd/surefire-test-report.xsd" name="es.uv.modelo.RaulTest" time="0.001" tests="3" errors="0" skipped="0" failures="3">
  <properties>
[...]
</properties>
  <testcase name="testConexiónBD" classname="es.uv.modelo.RaulTest" time="0">
    <failure message="expected: &lt;true&gt; but was: &lt;false&gt;" type="org.opentest4j.AssertionFailedError"><![CDATA[org.opentest4j.AssertionFailedError: expected: <true> but was: <false>
	at es.uv.modelo.RaulTest.testConexiónBD(RaulTest.java:21)
]]></failure>
    <system-out><![CDATA[error conectando a base de datos
]]></system-out>
  </testcase>
  <testcase name="testObtenerEnfermedadesBD" classname="es.uv.modelo.RaulTest" time="0.001">
    <failure message="expected: &lt;[es.uv.modelo.Enfermedad@4961f6af, es.uv.modelo.Enfermedad@5aebe890]&gt; but was: &lt;[]&gt;" type="org.opentest4j.AssertionFailedError"><![CDATA[org.opentest4j.AssertionFailedError: expected: <[es.uv.modelo.Enfermedad@4961f6af, es.uv.modelo.Enfermedad@5aebe890]> but was: <[]>
	at es.uv.modelo.RaulTest.testObtenerEnfermedadesBD(RaulTest.java:37)
]]></failure>
    <system-out><![CDATA[error conectando a base de datos
error obteniendo lista enfermedades
]]></system-out>
  </testcase>
  <testcase name="testLoginTrabajador" classname="es.uv.modelo.RaulTest" time="0">
    <failure message="expected: &lt;es.uv.modelo.Trabajador@75db5df9&gt; but was: &lt;es.uv.modelo.Trabajador@707194ba&gt;" type="org.opentest4j.AssertionFailedError"><![CDATA[org.opentest4j.AssertionFailedError: expected: <es.uv.modelo.Trabajador@75db5df9> but was: <es.uv.modelo.Trabajador@707194ba>
	at es.uv.modelo.RaulTest.testLoginTrabajador(RaulTest.java:52)
]]></failure>
    <system-out><![CDATA[error conectando a base de datos
error realizando login
error conectando a base de datos
error realizando login
]]></system-out>
  </testcase>
</testsuite>