<?xml version="1.0" encoding="UTF-8"?>
<testsuite xmlns:xsi="http://www.w3.org/2001/XMLSchema-instance" xsi:noNamespaceSchemaLocation="https://maven.apache.org/surefire/maven-surefire-plugin/xsd/surefire-test-report.xsd" name="es.uv.modelo.AccesoBDTest" time="0.115" tests="4" errors="3" skipped="0" failures="0">
  <properties>
[...]
</properties>
  <testcase name="testAddHistorialPacienteTodoCorrectoBD" classname="es.uv.modelo.AccesoBDTest" time="0.102">
    <error message="Cannot invoke &quot;java.sql.Connection.createStatement()&quot; because &quot;es.uv.modelo.AccesoBD.conexionBD&quot; is null" type="java.lang.NullPointerException">java.lang.NullPointerException: Cannot invoke "java.sql.Connection.createStatement()" because "es.uv.modelo.AccesoBD.conexionBD" is null
	at es.uv.modelo.AccesoBDTest.testAddHistorialPacienteTodoCorrectoBD(AccesoBDTest.java:58)
</error>
    <system-out><![CDATA[addHistorialPacienteBD
error conectando a base de datos
]]></system-out>
  </testcase>
  <testcase name="testAddHistorialPacienteEnfermedadNoValidaBD" classname="es.uv.modelo.AccesoBDTest" time="0.002">
    <error message="Cannot invoke &quot;java.sql.Connection.createStatement()&quot; because &quot;es.uv.modelo.AccesoBD.conexionBD&quot; is null" type="java.lang.NullPointerException">java.lang.NullPointerException: Cannot invoke "java.sql.Connection.createStatement()" because "es.uv.modelo.AccesoBD.conexionBD" is null
	at es.uv.modelo.AccesoBDTest.testAddHistorialPacienteEnfermedadNoValidaBD(AccesoBDTest.java:86)
</error>
    <system-out><![CDATA[addHistorialPacienteBD
error conectando a base de datos
]]></system-out>
  </testcase>
  <testcase name="testAddHistorialPacienteFechaPosteriorBD" classname="es.uv.modelo.AccesoBDTest" time="0.003"/>
  <testcase name="testObtenerHistorialBD" classname="es.uv.modelo.AccesoBDTest" time="0.002">
    <error message="Cannot invoke &quot;java.sql.Connection.createStatement()&quot; because &quot;es.uv.modelo.AccesoBD.conexionBD&quot; is null" type="java.lang.NullPointerException">java.lang.NullPointerException: Cannot invoke "java.sql.Connection.createStatement()" because "es.uv.modelo.AccesoBD.conexionBD" is null
	at es.uv.modelo.AccesoBDTest.testObtenerHistorialBD(AccesoBDTest.java:44)
</error>
    <system-out><![CDATA[obtenerHistorialBD
error conectando a base de datos
]]></system-out>
  </testcase>
</testsuite>