<?xml version="1.0" encoding="UTF-8"?>
<testsuite xmlns:xsi="http://www.w3.org/2001/XMLSchema-instance" xsi:noNamespaceSchemaLocation="https://maven.apache.org/surefire/maven-surefire-plugin/xsd/surefire-test-report.xsd" name="es.uv.modelo.RaulTest" time="0" tests="3" errors="0" skipped="0" failures="3">
  <properties>
[...]
</properties>
  <testcase name="testConexiónBD" classname="es.uv.modelo.RaulTest" time="0">
    <failure message="expected: &lt;true&gt; but was: &lt;false&gt;" type="org.opentest4j.AssertionFailedError"><![CDATA[org.opentest4j.AssertionFailedError: expected: <true> but was: <false>
	at es.uv.modelo.RaulTest.testConexiónBD(RaulTest.java:21)
]]></failure>
  </testcase>
  <testcase name="testObtenerEnfermedadesBD" classname="es.uv.modelo.RaulTest" time="0">
    <failure message="expected: &lt;[es.uv.modelo.Enfermedad@52c3cb31, es.uv.modelo.Enfermedad@4b79ac84]&gt; but was: &lt;[es.uv.modelo.Enfermedad@53941c2f, es.uv.modelo.Enfermedad@6dab9b6d, es.uv.modelo.Enfermedad@21fd5faa]&gt;" type="org.opentest4j.AssertionFailedError"><![CDATA[org.opentest4j.AssertionFailedError: expected: <[es.uv.modelo.Enfermedad@52c3cb31, es.uv.modelo.Enfermedad@4b79ac84]> but was: <[es.uv.modelo.Enfermedad@53941c2f, es.uv.modelo.Enfermedad@6dab9b6d, es.uv.modelo.Enfermedad@21fd5faa]>
	at es.uv.modelo.RaulTest.testObtenerEnfermedadesBD(RaulTest.java:37)
]]></failure>
  </testcase>
  <testcase name="testLoginTrabajador" classname="es.uv.modelo.RaulTest" time="0">
    <failure message="expected: &lt;es.uv.modelo.Trabajador@65a15628&gt; but was: &lt;es.uv.modelo.Trabajador@2e6a5539&gt;" type="org.opentest4j.AssertionFailedError"><![CDATA[org.opentest4j.AssertionFailedError: expected: <es.uv.modelo.Trabajador@65a15628> but was: <es.uv.modelo.Trabajador@2e6a5539>
	at es.uv.modelo.RaulTest.testLoginTrabajador(RaulTest.java:52)
]]></failure>
    <system-out><![CDATA[error realizando login
error realizando login
]]></system-out>
  </testcase>
</testsuite>